# JRE version: Java(TM) SE Runtime Environment (8.0_201-b09) (build 1.8.0_201-b09)
# Java VM: Java HotSpot(TM) 64-Bit Server VM (25.201-b09 mixed mode windows-amd64 compressed oops)
Heap:
 PSYoungGen      total 438272K, used 277445K [0x0000000780700000, 0x000000079cc00000, 0x00000007c0000000)
  eden space 421376K, 65% used [0x0000000780700000,0x00000007915f1628,0x000000079a280000)
  from space 16896K, 0% used [0x000000079b700000,0x000000079b700000,0x000000079c780000)
  to   space 20992K, 0% used [0x000000079a280000,0x000000079a280000,0x000000079b700000)
 ParOldGen       total 143872K, used 34617K [0x0000000701400000, 0x000000070a080000, 0x0000000780700000)
  object space 143872K, 24% used [0x0000000701400000,0x00000007035ce720,0x000000070a080000)
 Metaspace       used 64954K, capacity 68436K, committed 68568K, reserved 1107968K
  class space    used 8817K, capacity 9433K, committed 9472K, reserved 1048576K
GC Heap History (10 events):
Event: 7.018 GC heap before
{Heap before GC invocations=9 (full 1):
 PSYoungGen      total 202240K, used 122924K [0x0000000780700000, 0x0000000795480000, 0x00000007c0000000)
  eden space 192512K, 58% used [0x0000000780700000,0x000000078758c5b8,0x000000078c300000)
  from space 9728K, 99% used [0x000000078c300000,0x000000078cc7eda0,0x000000078cc80000)
  to   space 11264K, 0% used [0x0000000794980000,0x0000000794980000,0x0000000795480000)
 ParOldGen       total 67584K, used 10443K [0x0000000701400000, 0x0000000705600000, 0x0000000780700000)
  object space 67584K, 15% used [0x0000000701400000,0x0000000701e32ef0,0x0000000705600000)
 Metaspace       used 33502K, capacity 35380K, committed 35416K, reserved 1079296K
  class space    used 4575K, capacity 4968K, committed 4992K, reserved 1048576K
Event: 7.026 GC heap after
Heap after GC invocations=9 (full 1):
 PSYoungGen      total 328704K, used 11248K [0x0000000780700000, 0x0000000796a80000, 0x00000007c0000000)
  eden space 317440K, 0% used [0x0000000780700000,0x0000000780700000,0x0000000793d00000)
  from space 11264K, 99% used [0x0000000794980000,0x000000079547c190,0x0000000795480000)
  to   space 12800K, 0% used [0x0000000793d00000,0x0000000793d00000,0x0000000794980000)
 ParOldGen       total 67584K, used 10689K [0x0000000701400000, 0x0000000705600000, 0x0000000780700000)
  object space 67584K, 15% used [0x0000000701400000,0x0000000701e705f8,0x0000000705600000)
 Metaspace       used 33502K, capacity 35380K, committed 35416K, reserved 1079296K
  class space    used 4575K, capacity 4968K, committed 4992K, reserved 1048576K
}
Event: 7.026 GC heap before
{Heap before GC invocations=10 (full 2):
 PSYoungGen      total 328704K, used 11248K [0x0000000780700000, 0x0000000796a80000, 0x00000007c0000000)
  eden space 317440K, 0% used [0x0000000780700000,0x0000000780700000,0x0000000793d00000)
  from space 11264K, 99% used [0x0000000794980000,0x000000079547c190,0x0000000795480000)
  to   space 12800K, 0% used [0x0000000793d00000,0x0000000793d00000,0x0000000794980000)
 ParOldGen       total 67584K, used 10689K [0x0000000701400000, 0x0000000705600000, 0x0000000780700000)
  object space 67584K, 15% used [0x0000000701400000,0x0000000701e705f8,0x0000000705600000)
 Metaspace       used 33502K, capacity 35380K, committed 35416K, reserved 1079296K
  class space    used 4575K, capacity 4968K, committed 4992K, reserved 1048576K
Event: 7.090 GC heap after
Heap after GC invocations=10 (full 2):
 PSYoungGen      total 328704K, used 0K [0x0000000780700000, 0x0000000796a80000, 0x00000007c0000000)
  eden space 317440K, 0% used [0x0000000780700000,0x0000000780700000,0x0000000793d00000)
  from space 11264K, 0% used [0x0000000794980000,0x0000000794980000,0x0000000795480000)
  to   space 12800K, 0% used [0x0000000793d00000,0x0000000793d00000,0x0000000794980000)
 ParOldGen       total 96768K, used 17249K [0x0000000701400000, 0x0000000707280000, 0x0000000780700000)
  object space 96768K, 17% used [0x0000000701400000,0x00000007024d8610,0x0000000707280000)
 Metaspace       used 33502K, capacity 35380K, committed 35416K, reserved 1079296K
  class space    used 4575K, capacity 4968K, committed 4992K, reserved 1048576K
}
Event: 10.460 GC heap before
{Heap before GC invocations=11 (full 2):
 PSYoungGen      total 328704K, used 317440K [0x0000000780700000, 0x0000000796a80000, 0x00000007c0000000)
  eden space 317440K, 100% used [0x0000000780700000,0x0000000793d00000,0x0000000793d00000)
  from space 11264K, 0% used [0x0000000794980000,0x0000000794980000,0x0000000795480000)
  to   space 12800K, 0% used [0x0000000793d00000,0x0000000793d00000,0x0000000794980000)
 ParOldGen       total 96768K, used 17249K [0x0000000701400000, 0x0000000707280000, 0x0000000780700000)
  object space 96768K, 17% used [0x0000000701400000,0x00000007024d8610,0x0000000707280000)
 Metaspace       used 46155K, capacity 48368K, committed 48600K, reserved 1091584K
  class space    used 6183K, capacity 6634K, committed 6656K, reserved 1048576K
Event: 10.475 GC heap after
Heap after GC invocations=11 (full 2):
 PSYoungGen      total 330240K, used 12793K [0x0000000780700000, 0x000000079c780000, 0x00000007c0000000)
  eden space 317440K, 0% used [0x0000000780700000,0x0000000780700000,0x0000000793d00000)
  from space 12800K, 99% used [0x0000000793d00000,0x000000079497e550,0x0000000794980000)
  to   space 16896K, 0% used [0x000000079b700000,0x000000079b700000,0x000000079c780000)
 ParOldGen       total 96768K, used 24478K [0x0000000701400000, 0x0000000707280000, 0x0000000780700000)
  object space 96768K, 25% used [0x0000000701400000,0x0000000702be7ba0,0x0000000707280000)
 Metaspace       used 46155K, capacity 48368K, committed 48600K, reserved 1091584K
  class space    used 6183K, capacity 6634K, committed 6656K, reserved 1048576K
}
Event: 11.657 GC heap before
{Heap before GC invocations=12 (full 2):
 PSYoungGen      total 330240K, used 193651K [0x0000000780700000, 0x000000079c780000, 0x00000007c0000000)
  eden space 317440K, 56% used [0x0000000780700000,0x000000078b79e828,0x0000000793d00000)
  from space 12800K, 99% used [0x0000000793d00000,0x000000079497e550,0x0000000794980000)
  to   space 16896K, 0% used [0x000000079b700000,0x000000079b700000,0x000000079c780000)
 ParOldGen       total 96768K, used 24478K [0x0000000701400000, 0x0000000707280000, 0x0000000780700000)
  object space 96768K, 25% used [0x0000000701400000,0x0000000702be7ba0,0x0000000707280000)
 Metaspace       used 55875K, capacity 58894K, committed 59028K, reserved 1099776K
  class space    used 7541K, capacity 8106K, committed 8192K, reserved 1048576K
Event: 11.673 GC heap after
Heap after GC invocations=12 (full 2):
 PSYoungGen      total 438272K, used 16894K [0x0000000780700000, 0x000000079cc00000, 0x00000007c0000000)
  eden space 421376K, 0% used [0x0000000780700000,0x0000000780700000,0x000000079a280000)
  from space 16896K, 99% used [0x000000079b700000,0x000000079c77fa00,0x000000079c780000)
  to   space 20992K, 0% used [0x000000079a280000,0x000000079a280000,0x000000079b700000)
 ParOldGen       total 96768K, used 30140K [0x0000000701400000, 0x0000000707280000, 0x0000000780700000)
  object space 96768K, 31% used [0x0000000701400000,0x000000070316f220,0x0000000707280000)
 Metaspace       used 55875K, capacity 58894K, committed 59028K, reserved 1099776K
  class space    used 7541K, capacity 8106K, committed 8192K, reserved 1048576K
}
Event: 11.673 GC heap before
{Heap before GC invocations=13 (full 3):
 PSYoungGen      total 438272K, used 16894K [0x0000000780700000, 0x000000079cc00000, 0x00000007c0000000)
  eden space 421376K, 0% used [0x0000000780700000,0x0000000780700000,0x000000079a280000)
  from space 16896K, 99% used [0x000000079b700000,0x000000079c77fa00,0x000000079c780000)
  to   space 20992K, 0% used [0x000000079a280000,0x000000079a280000,0x000000079b700000)
 ParOldGen       total 96768K, used 30140K [0x0000000701400000, 0x0000000707280000, 0x0000000780700000)
  object space 96768K, 31% used [0x0000000701400000,0x000000070316f220,0x0000000707280000)
 Metaspace       used 55875K, capacity 58894K, committed 59028K, reserved 1099776K
  class space    used 7541K, capacity 8106K, committed 8192K, reserved 1048576K
Event: 11.826 GC heap after
Heap after GC invocations=13 (full 3):
 PSYoungGen      total 438272K, used 0K [0x0000000780700000, 0x000000079cc00000, 0x00000007c0000000)
  eden space 421376K, 0% used [0x0000000780700000,0x0000000780700000,0x000000079a280000)
  from space 16896K, 0% used [0x000000079b700000,0x000000079b700000,0x000000079c780000)
  to   space 20992K, 0% used [0x000000079a280000,0x000000079a280000,0x000000079b700000)
 ParOldGen       total 143872K, used 34617K [0x0000000701400000, 0x000000070a080000, 0x0000000780700000)
  object space 143872K, 24% used [0x0000000701400000,0x00000007035ce720,0x000000070a080000)
 Metaspace       used 55875K, capacity 58894K, committed 59028K, reserved 1099776K
  class space    used 7541K, capacity 8106K, committed 8192K, reserved 1048576K
}

